  [1m[35m (192.1ms)[0m  [1m[35mCREATE TABLE "schema_migrations" ("version" character varying PRIMARY KEY)[0m
  [1m[35m (113.5ms)[0m  [1m[35mCREATE TABLE "ar_internal_metadata" ("key" character varying PRIMARY KEY, "value" character varying, "created_at" timestamp NOT NULL, "updated_at" timestamp NOT NULL)[0m
  [1m[35m (0.4ms)[0m  [1m[34mSELECT pg_try_advisory_lock(5891891469000770205);[0m
  [1m[36mActiveRecord::SchemaMigration Load (0.5ms)[0m  [1m[34mSELECT "schema_migrations".* FROM "schema_migrations"[0m
  [1m[36mActiveRecord::InternalMetadata Load (6.6ms)[0m  [1m[34mSELECT  "ar_internal_metadata".* FROM "ar_internal_metadata" WHERE "ar_internal_metadata"."key" = $1 LIMIT $2[0m  [["key", :environment], ["LIMIT", 1]]
  [1m[35m (0.2ms)[0m  [1m[35mBEGIN[0m
  [1m[35mSQL (12.0ms)[0m  [1m[32mINSERT INTO "ar_internal_metadata" ("key", "value", "created_at", "updated_at") VALUES ($1, $2, $3, $4) RETURNING "key"[0m  [["key", "environment"], ["value", "development"], ["created_at", 2017-01-30 12:48:15 UTC], ["updated_at", 2017-01-30 12:48:15 UTC]]
  [1m[35m (0.5ms)[0m  [1m[35mCOMMIT[0m
  [1m[35m (0.4ms)[0m  [1m[34mSELECT pg_advisory_unlock(5891891469000770205)[0m
  [1m[36mActiveRecord::SchemaMigration Load (0.2ms)[0m  [1m[34mSELECT "schema_migrations".* FROM "schema_migrations"[0m
DEPRECATION WARNING: alias_method_chain is deprecated. Please, use Module#prepend instead. From module, you can access the original method using super. (called from <top (required)> at /Users/luciotbc/Work/rails/tutotial/ionic_on_rails_randonpic/config/environment.rb:5)
DEPRECATION WARNING: alias_method_chain is deprecated. Please, use Module#prepend instead. From module, you can access the original method using super. (called from <top (required)> at /Users/luciotbc/Work/rails/tutotial/ionic_on_rails_randonpic/config/environment.rb:5)
  [1m[35m (0.2ms)[0m  [1m[34mSELECT pg_try_advisory_lock(5891891469000770205);[0m
  [1m[36mActiveRecord::SchemaMigration Load (0.6ms)[0m  [1m[34mSELECT "schema_migrations".* FROM "schema_migrations"[0m
Migrating to CreatePics (20170130124900)
  [1m[35m (0.2ms)[0m  [1m[35mBEGIN[0m
  [1m[35m (32.6ms)[0m  [1m[35mCREATE TABLE "pics" ("id" serial primary key, "photo" character varying, "created_at" timestamp NOT NULL, "updated_at" timestamp NOT NULL)[0m
  [1m[35mSQL (1.6ms)[0m  [1m[32mINSERT INTO "schema_migrations" ("version") VALUES ($1) RETURNING "version"[0m  [["version", "20170130124900"]]
  [1m[35m (6.8ms)[0m  [1m[35mCOMMIT[0m
  [1m[36mActiveRecord::InternalMetadata Load (0.4ms)[0m  [1m[34mSELECT  "ar_internal_metadata".* FROM "ar_internal_metadata" WHERE "ar_internal_metadata"."key" = $1 LIMIT $2[0m  [["key", :environment], ["LIMIT", 1]]
  [1m[35m (0.2ms)[0m  [1m[35mBEGIN[0m
  [1m[35m (0.1ms)[0m  [1m[35mCOMMIT[0m
  [1m[35m (0.2ms)[0m  [1m[34mSELECT pg_advisory_unlock(5891891469000770205)[0m
  [1m[36mActiveRecord::SchemaMigration Load (0.2ms)[0m  [1m[34mSELECT "schema_migrations".* FROM "schema_migrations"[0m
DEPRECATION WARNING: alias_method_chain is deprecated. Please, use Module#prepend instead. From module, you can access the original method using super. (called from <top (required)> at /Users/luciotbc/Work/rails/tutotial/ionic_on_rails_randonpic/config/environment.rb:5)
DEPRECATION WARNING: alias_method_chain is deprecated. Please, use Module#prepend instead. From module, you can access the original method using super. (called from <top (required)> at /Users/luciotbc/Work/rails/tutotial/ionic_on_rails_randonpic/config/environment.rb:5)
DEPRECATION WARNING: alias_method_chain is deprecated. Please, use Module#prepend instead. From module, you can access the original method using super. (called from <top (required)> at /Users/luciotbc/Work/rails/tutotial/ionic_on_rails_randonpic/config/environment.rb:5)
DEPRECATION WARNING: alias_method_chain is deprecated. Please, use Module#prepend instead. From module, you can access the original method using super. (called from <top (required)> at /Users/luciotbc/Work/rails/tutotial/ionic_on_rails_randonpic/config/environment.rb:5)
